<?xml version="1.0" encoding="UTF-8"?>
<testsuite xmlns:xsi="http://www.w3.org/2001/XMLSchema-instance" xsi:noNamespaceSchemaLocation="https://maven.apache.org/surefire/maven-surefire-plugin/xsd/surefire-test-report.xsd" name="cucumberOptions.TestRunner" time="14.073" tests="4" errors="0" skipped="0" failures="0">
  <properties>
[...]
</properties>
  <testcase name="1 Verify if place being succesfully added using AddPlaceAPI" classname="Validate Place API" time="5.869"/>
  <testcase name="2 Verify if place details fecthing succesfully by GetPlaceAPI" classname="Validate Place API" time="1.178"/>
  <testcase name="3 Verify if place details fecthing succesfully by UpdatePlaceAPI" classname="Validate Place API" time="1.328"/>
  <testcase name="4 Verify if place details fecthing succesfully by DeletePlaceAPI" classname="Validate Place API" time="1.427"/>
</testsuite>