<?xml version="1.0" encoding="UTF-8"?>
<testsuite xmlns:xsi="http://www.w3.org/2001/XMLSchema-instance" xsi:noNamespaceSchemaLocation="https://maven.apache.org/surefire/maven-surefire-plugin/xsd/surefire-test-report.xsd" name="cucumberOptions.TestRunner" time="25.066" tests="10" errors="0" skipped="0" failures="0">
  <properties>
[...]
</properties>
  <testcase name="1 Verify the login API, whether able to login" classname="End to End E-commerce API validation" time="5.943"/>
  <testcase name="2 Verify the Product API, whether able to create a new product" classname="End to End E-commerce API validation" time="1.539"/>
  <testcase name="3 Verify the Order API, whether able to create a new order" classname="End to End E-commerce API validation" time="0.532"/>
  <testcase name="4 Verify the Order Detail API, whether able to fetch order details" classname="End to End E-commerce API validation" time="0.421"/>
  <testcase name="5 Verify the Order Delete API, whether able to delete order" classname="End to End E-commerce API validation" time="1.039"/>
  <testcase name="6 Verify the Product Delete API, whether able to delete product" classname="End to End E-commerce API validation" time="0.198"/>
  <testcase name="1 Verify if place being successfully added using AddPlaceAPI" classname="Validate Place API" time="0.849"/>
  <testcase name="2 Verify if place details fetching successfully by GetPlaceAPI" classname="Validate Place API" time="2.147"/>
  <testcase name="3 Verify if place details fetching successfully by UpdatePlaceAPI" classname="Validate Place API" time="2.091"/>
  <testcase name="4 Verify if place details fetching successfully by DeletePlaceAPI" classname="Validate Place API" time="2.194"/>
</testsuite>